[2022-02-10 23:12:47.555175] - DEBUG - [logger name >> School_app] - [student_page]
[2022-02-10 23:12:50.163170] - DEBUG - [logger name >> School_app] - [index_page]
[2022-02-12 01:31:26.163771] - DEBUG - [logger name >> School_app] - [index_page]
[2022-02-12 01:31:50.801064] - DEBUG - [logger name >> School_app] - [student_page]
[2022-02-12 01:31:58.185177] - DEBUG - [logger name >> School_app] - [create_student_page]
[2022-02-12 01:32:03.723026] - DEBUG - [logger name >> School_app] - [create_student_page]
[2022-02-12 01:32:05.947795] - DEBUG - [logger name >> School_app] - [student_page]
[2022-02-12 01:32:52.464205] - DEBUG - [logger name >> School_app] - [categories_page]
[2022-02-12 01:32:57.429932] - DEBUG - [logger name >> School_app] - [courses_page]
[2022-02-12 01:32:58.264325] - DEBUG - [logger name >> School_app] - [student_page]
[2022-02-12 01:32:59.172761] - DEBUG - [logger name >> School_app] - [contact_page]
[2022-02-12 01:33:04.365900] - DEBUG - [logger name >> School_app] - [index_page]
[2022-02-13 21:24:21.779189] - DEBUG - [logger name >> School_app] - [student_page]
[2022-02-13 21:24:23.292630] - DEBUG - [logger name >> School_app] - [create_student_page]
[2022-02-13 21:24:32.738183] - DEBUG - [logger name >> School_app] - [create_student_page]
[2022-02-13 21:25:55.985148] - DEBUG - [logger name >> School_app] - [student_page]
[2022-02-13 21:25:58.492457] - DEBUG - [logger name >> School_app] - [create_student_page]
[2022-02-13 21:26:04.263424] - DEBUG - [logger name >> School_app] - [create_student_page]
[2022-02-13 21:27:20.065440] - DEBUG - [logger name >> School_app] - [student_page]
[2022-02-13 21:27:21.438950] - DEBUG - [logger name >> School_app] - [create_student_page]
[2022-02-13 21:27:24.399741] - DEBUG - [logger name >> School_app] - [create_student_page]
[2022-02-13 21:28:28.611052] - DEBUG - [logger name >> School_app] - [student_page]
[2022-02-13 21:28:30.345201] - DEBUG - [logger name >> School_app] - [create_student_page]
[2022-02-13 21:28:33.720954] - DEBUG - [logger name >> School_app] - [create_student_page]
[2022-02-13 21:28:56.205412] - DEBUG - [logger name >> School_app] - [student_page]
[2022-02-13 21:28:58.077348] - DEBUG - [logger name >> School_app] - [create_student_page]
[2022-02-13 21:29:01.833282] - DEBUG - [logger name >> School_app] - [create_student_page]
[2022-02-13 21:29:21.108307] - DEBUG - [logger name >> School_app] - [student_page]
[2022-02-13 21:29:23.084399] - DEBUG - [logger name >> School_app] - [create_student_page]
[2022-02-13 21:29:26.714277] - DEBUG - [logger name >> School_app] - [create_student_page]
[2022-02-13 21:31:27.669899] - DEBUG - [logger name >> School_app] - [student_page]
[2022-02-13 21:31:29.483402] - DEBUG - [logger name >> School_app] - [create_student_page]
[2022-02-13 21:31:37.689610] - DEBUG - [logger name >> School_app] - [create_student_page]
[2022-02-13 21:32:07.086841] - DEBUG - [logger name >> School_app] - [student_page]
[2022-02-13 21:32:08.230171] - DEBUG - [logger name >> School_app] - [create_student_page]
[2022-02-13 21:32:11.733255] - DEBUG - [logger name >> School_app] - [create_student_page]
[2022-02-13 21:32:48.618645] - DEBUG - [logger name >> School_app] - [student_page]
[2022-02-13 21:32:50.063525] - DEBUG - [logger name >> School_app] - [create_student_page]
[2022-02-13 21:32:53.600183] - DEBUG - [logger name >> School_app] - [create_student_page]
[2022-02-13 21:33:10.249194] - DEBUG - [logger name >> School_app] - [create_student_page]
[2022-02-13 21:37:23.281054] - DEBUG - [logger name >> School_app] - [student_page]
[2022-02-13 21:37:25.924217] - DEBUG - [logger name >> School_app] - [student_page]
[2022-02-13 21:37:34.021979] - DEBUG - [logger name >> School_app] - [student_page]
[2022-02-13 21:37:35.336982] - DEBUG - [logger name >> School_app] - [student_page]
[2022-02-13 21:37:36.077879] - DEBUG - [logger name >> School_app] - [about_page]
[2022-02-13 21:37:36.553545] - DEBUG - [logger name >> School_app] - [student_page]
[2022-02-13 21:38:22.646093] - DEBUG - [logger name >> School_app] - [student_page]
[2022-02-13 21:38:43.169333] - DEBUG - [logger name >> School_app] - [student_page]
[2022-02-13 21:39:35.819668] - DEBUG - [logger name >> School_app] - [student_page]
[2022-02-13 21:40:52.521180] - DEBUG - [logger name >> School_app] - [student_page]
[2022-02-13 21:41:41.816486] - DEBUG - [logger name >> School_app] - [student_page]
[2022-02-13 21:42:04.579486] - DEBUG - [logger name >> School_app] - [student_page]
[2022-02-13 21:45:00.754423] - DEBUG - [logger name >> School_app] - [student_page]
[2022-02-13 21:45:19.019498] - DEBUG - [logger name >> School_app] - [student_page]
[2022-02-13 21:47:30.108584] - DEBUG - [logger name >> School_app] - [student_page]
[2022-02-13 21:47:49.041314] - DEBUG - [logger name >> School_app] - [student_page]
[2022-02-13 21:49:15.275716] - DEBUG - [logger name >> School_app] - [student_page]
[2022-02-13 21:50:53.634684] - DEBUG - [logger name >> School_app] - [student_page]
[2022-02-13 21:51:16.869350] - DEBUG - [logger name >> School_app] - [student_page]
[2022-02-13 21:52:02.008143] - DEBUG - [logger name >> School_app] - [student_page]
[2022-02-13 21:52:33.898229] - DEBUG - [logger name >> School_app] - [student_page]
[2022-02-13 21:52:45.797841] - DEBUG - [logger name >> School_app] - [student_page]
[2022-02-13 21:52:55.971775] - DEBUG - [logger name >> School_app] - [student_page]
[2022-02-13 21:53:05.182532] - DEBUG - [logger name >> School_app] - [student_page]
[2022-02-13 21:53:35.403619] - DEBUG - [logger name >> School_app] - [student_page]
[2022-02-13 21:53:55.775577] - DEBUG - [logger name >> School_app] - [student_page]
[2022-02-13 21:54:49.520455] - DEBUG - [logger name >> School_app] - [student_page]
[2022-02-13 21:55:23.235578] - DEBUG - [logger name >> School_app] - [student_page]
[2022-02-13 21:55:37.003005] - DEBUG - [logger name >> School_app] - [student_page]
[2022-02-13 21:55:54.010312] - DEBUG - [logger name >> School_app] - [student_page]
[2022-02-13 21:56:25.194606] - DEBUG - [logger name >> School_app] - [student_page]
[2022-02-13 21:56:58.161222] - DEBUG - [logger name >> School_app] - [student_page]
[2022-02-13 21:56:59.038857] - DEBUG - [logger name >> School_app] - [student_page]
[2022-02-13 21:57:03.804877] - DEBUG - [logger name >> School_app] - [student_page]
[2022-02-13 21:57:16.336814] - DEBUG - [logger name >> School_app] - [student_page]
[2022-02-13 21:57:18.005893] - DEBUG - [logger name >> School_app] - [student_page]
[2022-02-13 21:57:19.448051] - DEBUG - [logger name >> School_app] - [create_student_page]
[2022-02-13 21:57:24.572437] - DEBUG - [logger name >> School_app] - [create_student_page]
[2022-02-13 21:57:25.760352] - DEBUG - [logger name >> School_app] - [student_page]
[2022-02-13 21:59:07.579725] - DEBUG - [logger name >> School_app] - [student_page]
[2022-02-13 21:59:12.253574] - DEBUG - [logger name >> School_app] - [create_student_page]
[2022-02-13 21:59:15.707629] - DEBUG - [logger name >> School_app] - [create_student_page]
[2022-02-13 21:59:16.785098] - DEBUG - [logger name >> School_app] - [student_page]
[2022-02-13 21:59:55.918429] - DEBUG - [logger name >> School_app] - [create_student_page]
[2022-02-13 22:00:01.324451] - DEBUG - [logger name >> School_app] - [create_student_page]
[2022-02-13 22:00:03.428255] - DEBUG - [logger name >> School_app] - [student_page]
[2022-02-13 22:00:05.398599] - DEBUG - [logger name >> School_app] - [create_student_page]
[2022-02-13 22:00:09.259583] - DEBUG - [logger name >> School_app] - [create_student_page]
[2022-02-13 22:00:11.558713] - DEBUG - [logger name >> School_app] - [student_page]
[2022-02-13 22:03:47.752246] - DEBUG - [logger name >> School_app] - [student_page]
[2022-02-13 22:03:49.215760] - DEBUG - [logger name >> School_app] - [courses_page]
[2022-02-13 22:03:51.037575] - DEBUG - [logger name >> School_app] - [categories_page]
[2022-02-13 22:07:55.562742] - DEBUG - [logger name >> School_app] - [categories_page]
[2022-02-13 22:08:45.148080] - DEBUG - [logger name >> School_app] - [categories_page]
[2022-02-13 22:08:47.225250] - DEBUG - [logger name >> School_app] - [categories_page]
[2022-02-13 22:08:48.024654] - DEBUG - [logger name >> School_app] - [courses_page]
[2022-02-13 22:08:49.397253] - DEBUG - [logger name >> School_app] - [student_page]
[2022-02-13 22:09:00.216734] - DEBUG - [logger name >> School_app] - [create_student_page]
[2022-02-13 22:11:15.450068] - DEBUG - [logger name >> School_app] - [create_student_page]
[2022-02-13 22:12:33.063066] - DEBUG - [logger name >> School_app] - [create_student_page]
[2022-02-13 22:12:47.700844] - DEBUG - [logger name >> School_app] - [create_student_page]
[2022-02-13 22:12:48.555480] - DEBUG - [logger name >> School_app] - [create_student_page]
[2022-02-13 22:13:05.719322] - DEBUG - [logger name >> School_app] - [create_student_page]
[2022-02-13 22:13:06.711264] - DEBUG - [logger name >> School_app] - [create_student_page]
[2022-02-13 22:14:39.034291] - DEBUG - [logger name >> School_app] - [create_student_page]
[2022-02-13 22:14:39.553940] - DEBUG - [logger name >> School_app] - [create_student_page]
[2022-02-13 22:14:40.227271] - DEBUG - [logger name >> School_app] - [create_student_page]
[2022-02-13 22:14:43.727302] - DEBUG - [logger name >> School_app] - [create_student_page]
[2022-02-13 22:14:46.776322] - DEBUG - [logger name >> School_app] - [courses_page]
[2022-02-13 22:14:48.900783] - DEBUG - [logger name >> School_app] - [create_course_page]
[2022-02-13 22:14:54.138047] - DEBUG - [logger name >> School_app] - [student_page]
[2022-02-13 22:14:55.363403] - DEBUG - [logger name >> School_app] - [create_student_page]
[2022-02-13 22:15:57.048401] - DEBUG - [logger name >> School_app] - [create_student_page]
[2022-02-13 22:17:34.281278] - DEBUG - [logger name >> School_app] - [index_page]
[2022-02-13 22:17:35.103093] - DEBUG - [logger name >> School_app] - [categories_page]
[2022-02-13 22:17:37.484984] - DEBUG - [logger name >> School_app] - [courses_page]
[2022-02-13 22:17:38.701204] - DEBUG - [logger name >> School_app] - [student_page]
[2022-02-13 22:17:40.617934] - DEBUG - [logger name >> School_app] - [create_student_page]
[2022-02-13 22:17:42.948105] - DEBUG - [logger name >> School_app] - [categories_page]
[2022-02-13 22:17:44.374487] - DEBUG - [logger name >> School_app] - [create_category_page]
[2022-02-13 22:17:48.056529] - DEBUG - [logger name >> School_app] - [create_category_page]
[2022-02-13 22:19:12.529886] - DEBUG - [logger name >> School_app] - [categories_page]
[2022-02-13 22:19:14.400388] - DEBUG - [logger name >> School_app] - [create_category_page]
[2022-02-13 22:19:16.862807] - DEBUG - [logger name >> School_app] - [create_category_page]
[2022-02-13 22:19:19.455904] - DEBUG - [logger name >> School_app] - [courses_page]
[2022-02-13 22:19:20.764216] - DEBUG - [logger name >> School_app] - [create_course_page]
[2022-02-13 22:21:00.571497] - DEBUG - [logger name >> School_app] - [create_course_page]
[2022-02-13 22:23:11.448726] - DEBUG - [logger name >> School_app] - [create_course_page]
[2022-02-13 22:23:32.251929] - DEBUG - [logger name >> School_app] - [create_course_page]
[2022-02-13 22:23:36.341807] - DEBUG - [logger name >> School_app] - [categories_page]
[2022-02-13 22:24:00.179628] - DEBUG - [logger name >> School_app] - [categories_page]
[2022-02-13 22:24:01.723335] - DEBUG - [logger name >> School_app] - [courses_page]
[2022-02-13 22:24:02.989783] - DEBUG - [logger name >> School_app] - [create_course_page]
[2022-02-13 22:24:14.093762] - DEBUG - [logger name >> School_app] - [courses_page]
[2022-02-13 22:24:15.466971] - DEBUG - [logger name >> School_app] - [create_course_page]
[2022-02-13 22:24:17.717179] - DEBUG - [logger name >> School_app] - [categories_page]
[2022-02-13 22:24:34.384704] - DEBUG - [logger name >> School_app] - [categories_page]
[2022-02-13 22:24:35.070911] - DEBUG - [logger name >> School_app] - [courses_page]
[2022-02-13 22:24:35.571128] - DEBUG - [logger name >> School_app] - [categories_page]
[2022-02-13 22:24:40.663061] - DEBUG - [logger name >> School_app] - [categories_page]
[2022-02-13 22:25:42.940743] - DEBUG - [logger name >> School_app] - [categories_page]
[2022-02-13 22:25:43.824529] - DEBUG - [logger name >> School_app] - [categories_page]
[2022-02-13 22:26:50.210067] - DEBUG - [logger name >> School_app] - [categories_page]
[2022-02-13 22:26:51.036476] - DEBUG - [logger name >> School_app] - [categories_page]
[2022-02-13 22:26:52.061109] - DEBUG - [logger name >> School_app] - [categories_page]
[2022-02-13 22:26:52.689023] - DEBUG - [logger name >> School_app] - [courses_page]
[2022-02-13 22:26:53.456443] - DEBUG - [logger name >> School_app] - [categories_page]
[2022-02-13 22:27:02.162722] - DEBUG - [logger name >> School_app] - [categories_page]
[2022-02-13 22:27:02.783561] - DEBUG - [logger name >> School_app] - [categories_page]
[2022-02-13 22:27:06.291075] - DEBUG - [logger name >> School_app] - [categories_page]
[2022-02-13 22:27:30.921706] - DEBUG - [logger name >> School_app] - [categories_page]
[2022-02-13 22:27:31.644671] - DEBUG - [logger name >> School_app] - [categories_page]
[2022-02-13 22:28:52.555000] - DEBUG - [logger name >> School_app] - [categories_page]
[2022-02-13 22:28:54.323625] - DEBUG - [logger name >> School_app] - [courses_page]
[2022-02-13 22:28:55.607671] - DEBUG - [logger name >> School_app] - [create_course_page]
[2022-02-13 22:29:07.103408] - DEBUG - [logger name >> School_app] - [categories_page]
[2022-02-13 22:29:11.564185] - DEBUG - [logger name >> School_app] - [create_category_page]
[2022-02-13 22:29:14.638653] - DEBUG - [logger name >> School_app] - [create_category_page]
[2022-02-13 22:29:15.756722] - DEBUG - [logger name >> School_app] - [categories_page]
[2022-02-13 22:29:31.786798] - DEBUG - [logger name >> School_app] - [categories_page]
[2022-02-13 22:29:49.151579] - DEBUG - [logger name >> School_app] - [categories_page]
[2022-02-13 22:30:04.405751] - DEBUG - [logger name >> School_app] - [categories_page]
[2022-02-13 22:30:05.377597] - DEBUG - [logger name >> School_app] - [categories_page]
[2022-02-13 22:30:09.861102] - DEBUG - [logger name >> School_app] - [categories_page]
[2022-02-13 22:30:51.919703] - DEBUG - [logger name >> School_app] - [categories_page]
[2022-02-13 22:30:52.462138] - DEBUG - [logger name >> School_app] - [categories_page]
[2022-02-13 22:30:53.292582] - DEBUG - [logger name >> School_app] - [create_category_page]
[2022-02-13 22:30:54.924091] - DEBUG - [logger name >> School_app] - [courses_page]
[2022-02-13 22:30:56.418604] - DEBUG - [logger name >> School_app] - [create_course_page]
[2022-02-13 22:32:22.904920] - DEBUG - [logger name >> School_app] - [categories_page]
[2022-02-13 22:32:35.463314] - DEBUG - [logger name >> School_app] - [categories_page]
[2022-02-13 22:32:57.465610] - DEBUG - [logger name >> School_app] - [categories_page]
[2022-02-13 22:33:01.145384] - DEBUG - [logger name >> School_app] - [courses_page]
[2022-02-13 22:33:02.177181] - DEBUG - [logger name >> School_app] - [create_course_page]
[2022-02-13 22:33:14.107915] - DEBUG - [logger name >> School_app] - [create_course_page]
[2022-02-13 22:33:23.844751] - DEBUG - [logger name >> School_app] - [create_course_page]
[2022-02-13 22:35:37.447839] - DEBUG - [logger name >> School_app] - [categories_page]
[2022-02-13 22:35:50.751240] - DEBUG - [logger name >> School_app] - [categories_page]
[2022-02-13 22:35:53.215118] - DEBUG - [logger name >> School_app] - [courses_page]
[2022-02-13 22:35:53.743061] - DEBUG - [logger name >> School_app] - [student_page]
[2022-02-13 22:35:57.167618] - DEBUG - [logger name >> School_app] - [student_page]
[2022-02-13 22:36:43.056469] - DEBUG - [logger name >> School_app] - [student_page]
[2022-02-13 22:48:22.864118] - DEBUG - [logger name >> School_app] - [student_page]
[2022-02-13 22:48:23.880098] - DEBUG - [logger name >> School_app] - [courses_page]
[2022-02-13 22:48:24.459680] - DEBUG - [logger name >> School_app] - [categories_page]
[2022-02-21 09:39:24.784494] - DEBUG - [logger name >> School_app] - [index_page]
[2022-02-21 09:39:25.401276] - DEBUG - [logger name >> School_app] - [categories_page]
[2022-02-21 09:39:26.421977] - DEBUG - [logger name >> School_app] - [courses_page]
[2022-02-21 09:39:27.291087] - DEBUG - [logger name >> School_app] - [student_page]
[2022-02-21 09:39:30.278416] - DEBUG - [logger name >> School_app] - [create_student_page]
[2022-02-21 09:39:34.799553] - DEBUG - [logger name >> School_app] - [courses_page]
[2022-02-21 09:39:36.207051] - DEBUG - [logger name >> School_app] - [categories_page]
[2022-02-21 09:39:37.387541] - DEBUG - [logger name >> School_app] - [create_category_page]
[2022-02-21 09:39:38.686356] - DEBUG - [logger name >> School_app] - [courses_page]
[2022-02-21 09:39:39.777679] - DEBUG - [logger name >> School_app] - [create_course_page]
[2022-02-21 09:40:14.975947] - DEBUG - [logger name >> School_app] - [create_course_page]
[2022-02-21 09:40:18.654638] - DEBUG - [logger name >> School_app] - [categories_page]
[2022-02-21 09:40:20.128540] - DEBUG - [logger name >> School_app] - [create_category_page]
[2022-02-21 09:40:22.599772] - DEBUG - [logger name >> School_app] - [create_category_page]
[2022-02-21 09:40:23.762126] - DEBUG - [logger name >> School_app] - [courses_page]
[2022-02-21 09:40:25.252694] - DEBUG - [logger name >> School_app] - [create_course_page]
[2022-02-21 09:40:33.783034] - DEBUG - [logger name >> School_app] - [create_course_page]
[2022-02-21 09:40:35.546071] - DEBUG - [logger name >> School_app] - [student_page]
[2022-02-21 09:40:37.501235] - DEBUG - [logger name >> School_app] - [create_student_page]
[2022-02-21 09:40:40.633925] - DEBUG - [logger name >> School_app] - [categories_page]
[2022-02-21 09:40:42.390267] - DEBUG - [logger name >> School_app] - [create_category_page]
[2022-02-21 09:40:45.137822] - DEBUG - [logger name >> School_app] - [create_category_page]
[2022-02-21 09:40:48.928844] - DEBUG - [logger name >> School_app] - [create_category_page]
[2022-02-21 09:40:49.934014] - DEBUG - [logger name >> School_app] - [categories_page]
[2022-02-21 09:40:51.170881] - DEBUG - [logger name >> School_app] - [courses_page]
[2022-02-21 09:40:52.669624] - DEBUG - [logger name >> School_app] - [create_course_page]
[2022-02-21 09:40:59.654762] - DEBUG - [logger name >> School_app] - [create_course_page]
[2022-02-21 09:41:03.024439] - DEBUG - [logger name >> School_app] - [courses_page]
[2022-02-21 09:41:07.425558] - DEBUG - [logger name >> School_app] - [student_page]
[2022-02-21 09:41:08.455200] - DEBUG - [logger name >> School_app] - [create_student_page]
[2022-02-21 09:41:14.497445] - DEBUG - [logger name >> School_app] - [create_student_page]
[2022-02-21 09:41:15.984034] - DEBUG - [logger name >> School_app] - [student_page]
[2022-02-21 09:41:21.557511] - DEBUG - [logger name >> School_app] - [courses_page]
[2022-02-21 09:41:23.237890] - DEBUG - [logger name >> School_app] - [categories_page]
[2022-02-21 09:41:24.044089] - DEBUG - [logger name >> School_app] - [student_page]
[2022-02-21 09:42:09.588420] - DEBUG - [logger name >> School_app] - [student_page]
[2022-02-21 09:42:10.324891] - DEBUG - [logger name >> School_app] - [student_page]
